<?xml version="1.0" encoding="UTF-8"?>
<testng-results ignored="0" total="1" passed="1" failed="0" skipped="0">
  <reporter-output>
  </reporter-output>
  <suite started-at="2023-07-21T13:05:36 UTC" name="Default suite" finished-at="2023-07-21T13:05:40 UTC" duration-ms="4134">
    <groups>
    </groups>
    <test started-at="2023-07-21T13:05:36 UTC" name="Default test" finished-at="2023-07-21T13:05:40 UTC" duration-ms="4134">
      <class name="restassured.Bokked">
        <test-method signature="Flyawaya1()[pri:0, instance:restassured.Bokked@18df8434]" started-at="2023-07-21T13:05:36 UTC" name="Flyawaya1" finished-at="2023-07-21T13:05:40 UTC" duration-ms="4092" status="PASS">
          <reporter-output>
          </reporter-output>
        </test-method> <!-- Flyawaya1 -->
      </class> <!-- restassured.Bokked -->
    </test> <!-- Default test -->
  </suite> <!-- Default suite -->
</testng-results>
